<?xml version="1.0" encoding="UTF-8"?>
<testng-results ignored="0" total="1" passed="1" failed="0" skipped="0">
  <reporter-output>
  </reporter-output>
  <suite started-at="2023-02-02T15:10:47 IST" name="Default suite" finished-at="2023-02-02T15:10:57 IST" duration-ms="10113">
    <groups>
    </groups>
    <test started-at="2023-02-02T15:10:47 IST" name="Default test" finished-at="2023-02-02T15:10:57 IST" duration-ms="10113">
      <class name="com.crm.qa.testcases.PreLoginPageTest">
        <test-method is-config="true" signature="setUp()[pri:0, instance:com.crm.qa.testcases.PreLoginPageTest@8f4ea7c]" started-at="2023-02-02T15:10:47 IST" name="setUp" finished-at="2023-02-02T15:10:57 IST" duration-ms="9888" status="PASS">
          <reporter-output>
          </reporter-output>
        </test-method> <!-- setUp -->
        <test-method signature="verifyTwitterIconTest()[pri:0, instance:com.crm.qa.testcases.PreLoginPageTest@8f4ea7c]" started-at="2023-02-02T15:10:57 IST" name="verifyTwitterIconTest" finished-at="2023-02-02T15:10:57 IST" duration-ms="168" status="PASS">
          <reporter-output>
          </reporter-output>
        </test-method> <!-- verifyTwitterIconTest -->
        <test-method is-config="true" signature="tearDown()[pri:0, instance:com.crm.qa.testcases.PreLoginPageTest@8f4ea7c]" started-at="2023-02-02T15:10:57 IST" name="tearDown" finished-at="2023-02-02T15:10:57 IST" duration-ms="8" status="PASS">
          <reporter-output>
          </reporter-output>
        </test-method> <!-- tearDown -->
      </class> <!-- com.crm.qa.testcases.PreLoginPageTest -->
    </test> <!-- Default test -->
  </suite> <!-- Default suite -->
</testng-results>
